<?xml version="1.0" encoding="UTF-8"?>
<testng-results ignored="0" total="1" passed="1" failed="0" skipped="0">
  <reporter-output>
  </reporter-output>
  <suite started-at="2024-08-11T20:48:31 IST" name="Default suite" finished-at="2024-08-11T20:48:31 IST" duration-ms="453">
    <groups>
    </groups>
    <test started-at="2024-08-11T20:48:31 IST" name="Default test" finished-at="2024-08-11T20:48:31 IST" duration-ms="453">
      <class name="StepDefination.Demotest">
        <test-method signature="user_opens_the_browser()[pri:0, instance:StepDefination.Demotest@4ddbbdf8]" started-at="2024-08-11T20:48:31 IST" name="user_opens_the_browser" finished-at="2024-08-11T20:48:31 IST" duration-ms="253" status="PASS">
          <reporter-output>
          </reporter-output>
        </test-method> <!-- user_opens_the_browser -->
      </class> <!-- StepDefination.Demotest -->
    </test> <!-- Default test -->
  </suite> <!-- Default suite -->
</testng-results>
